2025-04-04 10:43:18.544430 - Received CBT.V508.FILE498.PDS from FILE498.XMI 
2025-04-04 10:43:18.545262 - Found $$$#DATE.txt (text/plain) in CBT.V508.FILE498.PDS, moved to PDS/$$$#DATE
2025-04-04 10:43:18.545428 - Found $DOC.txt (text/plain) in CBT.V508.FILE498.PDS, moved to PDS/$DOC
2025-04-04 10:43:18.545568 - Found $README.txt (text/plain) in CBT.V508.FILE498.PDS, moved to PDS/$README
2025-04-04 10:43:18.545705 - Found @FILE498.txt (text/plain) in CBT.V508.FILE498.PDS, moved to PDS/@FILE498
2025-04-04 10:43:18.545836 - Found JRETURND.txt (text/plain) in CBT.V508.FILE498.PDS, moved to PDS/JRETURND
2025-04-04 10:43:18.545968 - Found JSAVED.txt (text/plain) in CBT.V508.FILE498.PDS, moved to PDS/JSAVED
2025-04-04 10:43:18.546595 - Found MTCHMRG.txt (text/plain) in CBT.V508.FILE498.PDS, moved to PDS/MTCHMRG
2025-04-04 10:43:18.546725 - Found REGISTER.txt (text/plain) in CBT.V508.FILE498.PDS, moved to PDS/REGISTER
2025-04-04 10:43:18.547014 - Found TESTDATA.xmi (application/xmit) in CBT.V508.FILE498.PDS, moved to PDS/TESTDATA.xmi
2025-04-04 10:43:19.290379 - Received DOTCWS.DDNAME.INPUT01 from TESTDATA.xmi 
2025-04-04 10:43:19.293850 - Found $README.txt (text/plain) in DOTCWS.DDNAME.INPUT01, moved to TESTDATA/$README
2025-04-04 10:43:19.293998 - Found @001S1.txt (text/plain) in DOTCWS.DDNAME.INPUT01, moved to TESTDATA/@001S1
2025-04-04 10:43:19.294137 - Found @001S2.txt (text/plain) in DOTCWS.DDNAME.INPUT01, moved to TESTDATA/@001S2
2025-04-04 10:43:19.294268 - Found @002S1.txt (text/plain) in DOTCWS.DDNAME.INPUT01, moved to TESTDATA/@002S1
2025-04-04 10:43:19.294400 - Found @002S2.txt (text/plain) in DOTCWS.DDNAME.INPUT01, moved to TESTDATA/@002S2
2025-04-04 10:43:19.294520 - Found @003S1.txt (text/plain) in DOTCWS.DDNAME.INPUT01, moved to TESTDATA/@003S1
2025-04-04 10:43:19.294643 - Found @003S2.txt (text/plain) in DOTCWS.DDNAME.INPUT01, moved to TESTDATA/@003S2
2025-04-04 10:43:19.294775 - Found @004S1.txt (text/plain) in DOTCWS.DDNAME.INPUT01, moved to TESTDATA/@004S1
2025-04-04 10:43:19.294897 - Found @004S2.txt (text/plain) in DOTCWS.DDNAME.INPUT01, moved to TESTDATA/@004S2
2025-04-04 10:43:19.295017 - Found @005S1.txt (text/plain) in DOTCWS.DDNAME.INPUT01, moved to TESTDATA/@005S1
2025-04-04 10:43:19.295135 - Found @005S2.txt (text/plain) in DOTCWS.DDNAME.INPUT01, moved to TESTDATA/@005S2
2025-04-04 10:43:19.295255 - Found @006S1.txt (text/plain) in DOTCWS.DDNAME.INPUT01, moved to TESTDATA/@006S1
2025-04-04 10:43:19.295376 - Found @006S2.txt (text/plain) in DOTCWS.DDNAME.INPUT01, moved to TESTDATA/@006S2
2025-04-04 10:43:19.295496 - Found @007S1.txt (text/plain) in DOTCWS.DDNAME.INPUT01, moved to TESTDATA/@007S1
2025-04-04 10:43:19.295615 - Found @007S2.txt (text/plain) in DOTCWS.DDNAME.INPUT01, moved to TESTDATA/@007S2
2025-04-04 10:43:19.295733 - Found @008S1.txt (text/plain) in DOTCWS.DDNAME.INPUT01, moved to TESTDATA/@008S1
2025-04-04 10:43:19.295850 - Found @008S2.txt (text/plain) in DOTCWS.DDNAME.INPUT01, moved to TESTDATA/@008S2
2025-04-04 10:43:19.295972 - Found @009S1.txt (text/plain) in DOTCWS.DDNAME.INPUT01, moved to TESTDATA/@009S1
2025-04-04 10:43:19.296109 - Found @009S2.txt (text/plain) in DOTCWS.DDNAME.INPUT01, moved to TESTDATA/@009S2
2025-04-04 10:43:19.296251 - Found @010S1.txt (text/plain) in DOTCWS.DDNAME.INPUT01, moved to TESTDATA/@010S1
2025-04-04 10:43:19.296384 - Found @010S2.txt (text/plain) in DOTCWS.DDNAME.INPUT01, moved to TESTDATA/@010S2
2025-04-04 10:43:19.296514 - Found @011S1.txt (text/plain) in DOTCWS.DDNAME.INPUT01, moved to TESTDATA/@011S1
2025-04-04 10:43:19.296632 - Found @011S2.txt (text/plain) in DOTCWS.DDNAME.INPUT01, moved to TESTDATA/@011S2
2025-04-04 10:43:19.296762 - Found @012S1.txt (text/plain) in DOTCWS.DDNAME.INPUT01, moved to TESTDATA/@012S1
2025-04-04 10:43:19.296885 - Found @012S2.txt (text/plain) in DOTCWS.DDNAME.INPUT01, moved to TESTDATA/@012S2
2025-04-04 10:43:19.297000 - Found @013S1.txt (text/plain) in DOTCWS.DDNAME.INPUT01, moved to TESTDATA/@013S1
2025-04-04 10:43:19.297121 - Found @013S2.txt (text/plain) in DOTCWS.DDNAME.INPUT01, moved to TESTDATA/@013S2
2025-04-04 10:43:19.297274 - Found @014S1.txt (text/plain) in DOTCWS.DDNAME.INPUT01, moved to TESTDATA/@014S1
2025-04-04 10:43:19.297398 - Found @014S2.txt (text/plain) in DOTCWS.DDNAME.INPUT01, moved to TESTDATA/@014S2
2025-04-04 10:43:19.297640 - Found @015S1.txt (text/plain) in DOTCWS.DDNAME.INPUT01, moved to TESTDATA/@015S1
2025-04-04 10:43:19.297758 - Found @015S2.txt (text/plain) in DOTCWS.DDNAME.INPUT01, moved to TESTDATA/@015S2
2025-04-04 10:43:19.297880 - Found @016S1.txt (text/plain) in DOTCWS.DDNAME.INPUT01, moved to TESTDATA/@016S1
2025-04-04 10:43:19.298011 - Found @016S2.txt (text/plain) in DOTCWS.DDNAME.INPUT01, moved to TESTDATA/@016S2
2025-04-04 10:43:19.298128 - Found @017S1.txt (text/plain) in DOTCWS.DDNAME.INPUT01, moved to TESTDATA/@017S1
2025-04-04 10:43:19.298262 - Found @017S2.txt (text/plain) in DOTCWS.DDNAME.INPUT01, moved to TESTDATA/@017S2
2025-04-04 10:43:19.298380 - Found @018S1.txt (text/plain) in DOTCWS.DDNAME.INPUT01, moved to TESTDATA/@018S1
2025-04-04 10:43:19.298499 - Found @018S2.txt (text/plain) in DOTCWS.DDNAME.INPUT01, moved to TESTDATA/@018S2
2025-04-04 10:43:19.298626 - Found @019S1.txt (text/plain) in DOTCWS.DDNAME.INPUT01, moved to TESTDATA/@019S1
2025-04-04 10:43:19.298745 - Found @019S2.txt (text/plain) in DOTCWS.DDNAME.INPUT01, moved to TESTDATA/@019S2
2025-04-04 10:43:19.298857 - Found @020S1.txt (text/plain) in DOTCWS.DDNAME.INPUT01, moved to TESTDATA/@020S1
2025-04-04 10:43:19.298972 - Found @020S2.txt (text/plain) in DOTCWS.DDNAME.INPUT01, moved to TESTDATA/@020S2
2025-04-04 10:43:19.299089 - Found @021S1.txt (text/plain) in DOTCWS.DDNAME.INPUT01, moved to TESTDATA/@021S1
2025-04-04 10:43:19.299203 - Found @021S2.txt (text/plain) in DOTCWS.DDNAME.INPUT01, moved to TESTDATA/@021S2
2025-04-04 10:43:19.299338 - Found @022S1.txt (text/plain) in DOTCWS.DDNAME.INPUT01, moved to TESTDATA/@022S1
2025-04-04 10:43:19.299470 - Found @022S2.txt (text/plain) in DOTCWS.DDNAME.INPUT01, moved to TESTDATA/@022S2
2025-04-04 10:43:19.299585 - Found @023S1.txt (text/plain) in DOTCWS.DDNAME.INPUT01, moved to TESTDATA/@023S1
2025-04-04 10:43:19.299698 - Found @023S2.txt (text/plain) in DOTCWS.DDNAME.INPUT01, moved to TESTDATA/@023S2
2025-04-04 10:43:19.299811 - Found @024S1.txt (text/plain) in DOTCWS.DDNAME.INPUT01, moved to TESTDATA/@024S1
2025-04-04 10:43:19.299927 - Found @024S2.txt (text/plain) in DOTCWS.DDNAME.INPUT01, moved to TESTDATA/@024S2
2025-04-04 10:43:19.300040 - Found @025S1.txt (text/plain) in DOTCWS.DDNAME.INPUT01, moved to TESTDATA/@025S1
2025-04-04 10:43:19.300151 - Found @025S2.txt (text/plain) in DOTCWS.DDNAME.INPUT01, moved to TESTDATA/@025S2
2025-04-04 10:43:19.300263 - Found @026S1.txt (text/plain) in DOTCWS.DDNAME.INPUT01, moved to TESTDATA/@026S1
2025-04-04 10:43:19.300381 - Found @026S2.txt (text/plain) in DOTCWS.DDNAME.INPUT01, moved to TESTDATA/@026S2
2025-04-04 10:43:19.300515 - Found @027S1.txt (text/plain) in DOTCWS.DDNAME.INPUT01, moved to TESTDATA/@027S1
2025-04-04 10:43:19.300653 - Found @027S2.txt (text/plain) in DOTCWS.DDNAME.INPUT01, moved to TESTDATA/@027S2
2025-04-04 10:43:19.300953 - Found @028S1.txt (text/plain) in DOTCWS.DDNAME.INPUT01, moved to TESTDATA/@028S1
2025-04-04 10:43:19.301124 - Found @028S2.txt (text/plain) in DOTCWS.DDNAME.INPUT01, moved to TESTDATA/@028S2
2025-04-04 10:43:19.301264 - Found @029S1.txt (text/plain) in DOTCWS.DDNAME.INPUT01, moved to TESTDATA/@029S1
2025-04-04 10:43:19.301388 - Found @029S2.txt (text/plain) in DOTCWS.DDNAME.INPUT01, moved to TESTDATA/@029S2
2025-04-04 10:43:19.301514 - Found @030S1.txt (text/plain) in DOTCWS.DDNAME.INPUT01, moved to TESTDATA/@030S1
2025-04-04 10:43:19.301633 - Found @030S2.txt (text/plain) in DOTCWS.DDNAME.INPUT01, moved to TESTDATA/@030S2
2025-04-04 10:43:19.301754 - Found @031S1.txt (text/plain) in DOTCWS.DDNAME.INPUT01, moved to TESTDATA/@031S1
2025-04-04 10:43:19.301872 - Found @031S2.txt (text/plain) in DOTCWS.DDNAME.INPUT01, moved to TESTDATA/@031S2
2025-04-04 10:43:19.301994 - Found @032S1.txt (text/plain) in DOTCWS.DDNAME.INPUT01, moved to TESTDATA/@032S1
2025-04-04 10:43:19.302113 - Found @032S2.txt (text/plain) in DOTCWS.DDNAME.INPUT01, moved to TESTDATA/@032S2
2025-04-04 10:43:19.302229 - Found @033S1.txt (text/plain) in DOTCWS.DDNAME.INPUT01, moved to TESTDATA/@033S1
2025-04-04 10:43:19.302345 - Found @033S2.txt (text/plain) in DOTCWS.DDNAME.INPUT01, moved to TESTDATA/@033S2
2025-04-04 10:43:19.302457 - Found @034S1.txt (text/plain) in DOTCWS.DDNAME.INPUT01, moved to TESTDATA/@034S1
2025-04-04 10:43:19.302585 - Found @034S2.txt (text/plain) in DOTCWS.DDNAME.INPUT01, moved to TESTDATA/@034S2
2025-04-04 10:43:19.302705 - Found @035S1.txt (text/plain) in DOTCWS.DDNAME.INPUT01, moved to TESTDATA/@035S1
2025-04-04 10:43:19.302830 - Found @035S2.txt (text/plain) in DOTCWS.DDNAME.INPUT01, moved to TESTDATA/@035S2
2025-04-04 10:43:19.302945 - Found @036S1.txt (text/plain) in DOTCWS.DDNAME.INPUT01, moved to TESTDATA/@036S1
2025-04-04 10:43:19.303073 - Found @036S2.txt (text/plain) in DOTCWS.DDNAME.INPUT01, moved to TESTDATA/@036S2
2025-04-04 10:43:19.303187 - Found @037S1.txt (text/plain) in DOTCWS.DDNAME.INPUT01, moved to TESTDATA/@037S1
2025-04-04 10:43:19.303301 - Found @037S2.txt (text/plain) in DOTCWS.DDNAME.INPUT01, moved to TESTDATA/@037S2
2025-04-04 10:43:19.303414 - Found @038S1.txt (text/plain) in DOTCWS.DDNAME.INPUT01, moved to TESTDATA/@038S1
2025-04-04 10:43:19.303528 - Found @038S2.txt (text/plain) in DOTCWS.DDNAME.INPUT01, moved to TESTDATA/@038S2
2025-04-04 10:43:19.303660 - Found @039S2.txt (text/plain) in DOTCWS.DDNAME.INPUT01, moved to TESTDATA/@039S2
2025-04-04 10:43:19.303775 - Found @040S1.txt (text/plain) in DOTCWS.DDNAME.INPUT01, moved to TESTDATA/@040S1
2025-04-04 10:43:19.303889 - Found @041S1.txt (text/plain) in DOTCWS.DDNAME.INPUT01, moved to TESTDATA/@041S1
2025-04-04 10:43:19.304003 - Found @041S2.txt (text/plain) in DOTCWS.DDNAME.INPUT01, moved to TESTDATA/@041S2
2025-04-04 10:43:19.304134 - Found @042S1.txt (text/plain) in DOTCWS.DDNAME.INPUT01, moved to TESTDATA/@042S1
2025-04-04 10:43:19.304248 - Found @042S2.txt (text/plain) in DOTCWS.DDNAME.INPUT01, moved to TESTDATA/@042S2
2025-04-04 10:43:19.304361 - Found @043S1.txt (text/plain) in DOTCWS.DDNAME.INPUT01, moved to TESTDATA/@043S1
2025-04-04 10:43:19.304475 - Found @043S2.txt (text/plain) in DOTCWS.DDNAME.INPUT01, moved to TESTDATA/@043S2
2025-04-04 10:43:19.304594 - Found @044S1.txt (text/plain) in DOTCWS.DDNAME.INPUT01, moved to TESTDATA/@044S1
2025-04-04 10:43:19.304706 - Found @044S2.txt (text/plain) in DOTCWS.DDNAME.INPUT01, moved to TESTDATA/@044S2
2025-04-04 10:43:19.304840 - Found @045S1.txt (text/plain) in DOTCWS.DDNAME.INPUT01, moved to TESTDATA/@045S1
2025-04-04 10:43:19.304955 - Found @045S2.txt (text/plain) in DOTCWS.DDNAME.INPUT01, moved to TESTDATA/@045S2
2025-04-04 10:43:19.305072 - Found @046S1.txt (text/plain) in DOTCWS.DDNAME.INPUT01, moved to TESTDATA/@046S1
2025-04-04 10:43:19.305187 - Found @046S2.txt (text/plain) in DOTCWS.DDNAME.INPUT01, moved to TESTDATA/@046S2
2025-04-04 10:43:19.305300 - Found @047S1.txt (text/plain) in DOTCWS.DDNAME.INPUT01, moved to TESTDATA/@047S1
2025-04-04 10:43:19.305427 - Found @047S2.txt (text/plain) in DOTCWS.DDNAME.INPUT01, moved to TESTDATA/@047S2
2025-04-04 10:43:19.305545 - Found @048S2.txt (text/plain) in DOTCWS.DDNAME.INPUT01, moved to TESTDATA/@048S2
2025-04-04 10:43:19.305656 - Found @049S1.txt (text/plain) in DOTCWS.DDNAME.INPUT01, moved to TESTDATA/@049S1
2025-04-04 10:43:19.305769 - Found @050S1.txt (text/plain) in DOTCWS.DDNAME.INPUT01, moved to TESTDATA/@050S1
2025-04-04 10:43:19.305868 - Found @050S2.x-empty (application/x-empty) in DOTCWS.DDNAME.INPUT01, moved to TESTDATA/@050S2
2025-04-04 10:43:19.305954 - Found @051S1.x-empty (application/x-empty) in DOTCWS.DDNAME.INPUT01, moved to TESTDATA/@051S1
2025-04-04 10:43:19.306068 - Found @051S2.txt (text/plain) in DOTCWS.DDNAME.INPUT01, moved to TESTDATA/@051S2
2025-04-04 10:43:19.306151 - Found @052S1.x-empty (application/x-empty) in DOTCWS.DDNAME.INPUT01, moved to TESTDATA/@052S1
2025-04-04 10:43:19.306238 - Found @052S2.x-empty (application/x-empty) in DOTCWS.DDNAME.INPUT01, moved to TESTDATA/@052S2
2025-04-04 10:43:19.306355 - Found @053S1.txt (text/plain) in DOTCWS.DDNAME.INPUT01, moved to TESTDATA/@053S1
2025-04-04 10:43:19.306466 - Found @053S2.txt (text/plain) in DOTCWS.DDNAME.INPUT01, moved to TESTDATA/@053S2
2025-04-04 10:43:19.306578 - Found COMPARE.txt (text/plain) in DOTCWS.DDNAME.INPUT01, moved to TESTDATA/COMPARE
2025-04-04 10:43:19.306711 - Found MTCHTST0.txt (text/plain) in DOTCWS.DDNAME.INPUT01, moved to TESTDATA/MTCHTST0
2025-04-04 10:43:19.306836 - Found MTCHTST1.txt (text/plain) in DOTCWS.DDNAME.INPUT01, moved to TESTDATA/MTCHTST1
2025-04-04 10:43:19.306969 - Found MTCHTST2.txt (text/plain) in DOTCWS.DDNAME.INPUT01, moved to TESTDATA/MTCHTST2
2025-04-04 10:43:19.307102 - Found MTCHTST3.txt (text/plain) in DOTCWS.DDNAME.INPUT01, moved to TESTDATA/MTCHTST3
2025-04-04 10:43:19.307227 - Found MTCHTST4.txt (text/plain) in DOTCWS.DDNAME.INPUT01, moved to TESTDATA/MTCHTST4
2025-04-04 10:43:19.307374 - Found MTCHTST5.txt (text/plain) in DOTCWS.DDNAME.INPUT01, moved to TESTDATA/MTCHTST5
2025-04-04 10:43:19.307487 - Found MTCHTST6.txt (text/plain) in DOTCWS.DDNAME.INPUT01, moved to TESTDATA/MTCHTST6
